<?xml version="1.0" encoding="UTF-8"?>
<testng-results ignored="0" total="2" passed="2" failed="0" skipped="0">
  <reporter-output>
  </reporter-output>
  <suite started-at="2021-08-15T00:42:01 IST" name="Suite" finished-at="2021-08-15T00:42:05 IST" duration-ms="4630">
    <groups>
    </groups>
    <test started-at="2021-08-15T00:42:01 IST" name="Test" finished-at="2021-08-15T00:42:05 IST" duration-ms="4630">
      <class name="Tester.Test.Second">
        <test-method signature="m2()[pri:0, instance:Tester.Test.Second@53ca01a2]" started-at="2021-08-15T00:42:01 IST" name="m2" finished-at="2021-08-15T00:42:05 IST" duration-ms="4597" status="PASS">
          <reporter-output>
          </reporter-output>
        </test-method> <!-- m2 -->
      </class> <!-- Tester.Test.Second -->
      <class name="Tester.Test.Testng">
        <test-method signature="m()[pri:0, instance:Tester.Test.Testng@240237d2]" started-at="2021-08-15T00:42:01 IST" name="m" finished-at="2021-08-15T00:42:01 IST" duration-ms="3" status="PASS">
          <reporter-output>
          </reporter-output>
        </test-method> <!-- m -->
      </class> <!-- Tester.Test.Testng -->
    </test> <!-- Test -->
  </suite> <!-- Suite -->
</testng-results>
