<?xml version="1.0" encoding="UTF-8"?>
<testng-results ignored="0" total="1" passed="1" failed="0" skipped="0">
  <reporter-output>
  </reporter-output>
  <suite started-at="2022-06-21T17:18:55 IST" name="Default suite" finished-at="2022-06-21T17:18:55 IST" duration-ms="41">
    <groups>
    </groups>
    <test started-at="2022-06-21T17:18:55 IST" name="Default test" finished-at="2022-06-21T17:18:55 IST" duration-ms="41">
      <class name="Tester.Test.ActionsMethod">
        <test-method signature="act()[pri:0, instance:Tester.Test.ActionsMethod@433d61fb]" started-at="2022-06-21T17:18:55 IST" name="act" finished-at="2022-06-21T17:18:55 IST" duration-ms="7" status="PASS">
          <reporter-output>
          </reporter-output>
        </test-method> <!-- act -->
      </class> <!-- Tester.Test.ActionsMethod -->
    </test> <!-- Default test -->
  </suite> <!-- Default suite -->
</testng-results>
